0 info it worked if it ends with ok
1 verbose cli [ '/usr/bin/node',
1 verbose cli   '/usr/bin/npm',
1 verbose cli   'run',
1 verbose cli   'build',
1 verbose cli   '--',
1 verbose cli   '--prod',
1 verbose cli   '--aot' ]
2 info using npm@6.4.1
3 info using node@v8.16.0
4 verbose config Skipping project config: /home/ict5g/.npmrc. (matches userconfig)
5 verbose stack Error: ENOENT: no such file or directory, open '/home/ict5g/package.json'
6 verbose cwd /home/ict5g
7 verbose Linux 4.4.0-135-generic
8 verbose argv "/usr/bin/node" "/usr/bin/npm" "run" "build" "--" "--prod" "--aot"
9 verbose node v8.16.0
10 verbose npm  v6.4.1
11 error path /home/ict5g/package.json
12 error code ENOENT
13 error errno -2
14 error syscall open
15 error enoent ENOENT: no such file or directory, open '/home/ict5g/package.json'
16 error enoent This is related to npm not being able to find a file.
17 verbose exit [ -2, true ]
