0 info it worked if it ends with ok
1 verbose cli [ '/usr/bin/node',
1 verbose cli   '/usr/bin/npm',
1 verbose cli   'run',
1 verbose cli   'build',
1 verbose cli   '--',
1 verbose cli   '--prod',
1 verbose cli   '--aot' ]
2 info using npm@6.4.1
3 info using node@v8.16.0
4 verbose run-script [ 'prebuild', 'build', 'postbuild' ]
5 info lifecycle ngx-admin@2.3.0~prebuild: ngx-admin@2.3.0
6 info lifecycle ngx-admin@2.3.0~build: ngx-admin@2.3.0
7 verbose lifecycle ngx-admin@2.3.0~build: unsafe-perm in lifecycle true
8 verbose lifecycle ngx-admin@2.3.0~build: PATH: /usr/lib/node_modules/npm/node_modules/npm-lifecycle/node-gyp-bin:/home/ict5g/AngularDashboard/project-angular/node_modules/.bin:/home/ict5g/bin:/home/ict5g/.local/bin:/usr/local/sbin:/usr/local/bin:/usr/sbin:/usr/bin:/sbin:/bin:/usr/games:/usr/local/games:/snap/bin
9 verbose lifecycle ngx-admin@2.3.0~build: CWD: /home/ict5g/AngularDashboard/project-angular
10 silly lifecycle ngx-admin@2.3.0~build: Args: [ '-c', 'ng build "--prod" "--aot"' ]
11 silly lifecycle ngx-admin@2.3.0~build: Returned: code: 1  signal: null
12 info lifecycle ngx-admin@2.3.0~build: Failed to exec build script
13 verbose stack Error: ngx-admin@2.3.0 build: `ng build "--prod" "--aot"`
13 verbose stack Exit status 1
13 verbose stack     at EventEmitter.<anonymous> (/usr/lib/node_modules/npm/node_modules/npm-lifecycle/index.js:301:16)
13 verbose stack     at emitTwo (events.js:126:13)
13 verbose stack     at EventEmitter.emit (events.js:214:7)
13 verbose stack     at ChildProcess.<anonymous> (/usr/lib/node_modules/npm/node_modules/npm-lifecycle/lib/spawn.js:55:14)
13 verbose stack     at emitTwo (events.js:126:13)
13 verbose stack     at ChildProcess.emit (events.js:214:7)
13 verbose stack     at maybeClose (internal/child_process.js:915:16)
13 verbose stack     at Process.ChildProcess._handle.onexit (internal/child_process.js:209:5)
14 verbose pkgid ngx-admin@2.3.0
15 verbose cwd /home/ict5g/AngularDashboard/project-angular
16 verbose Linux 4.4.0-135-generic
17 verbose argv "/usr/bin/node" "/usr/bin/npm" "run" "build" "--" "--prod" "--aot"
18 verbose node v8.16.0
19 verbose npm  v6.4.1
20 error code ELIFECYCLE
21 error errno 1
22 error ngx-admin@2.3.0 build: `ng build "--prod" "--aot"`
22 error Exit status 1
23 error Failed at the ngx-admin@2.3.0 build script.
23 error This is probably not a problem with npm. There is likely additional logging output above.
24 verbose exit [ 1, true ]
